[2021-05-29T13:08:48.048Z] [org.springframework.boot.StartupInfoLogger] [main] [55] [INFO ] Starting ProductsApplication on LAPTOP-HPIAQB17 with PID 30784 (C:\Users\shankar\Desktop\java\products\target\classes started by shankar in C:\Users\shankar\Desktop\java\products)
[2021-05-29T13:08:48.048Z] [org.springframework.boot.SpringApplication] [main] [648] [INFO ] No active profile set, falling back to default profiles: default
[2021-05-29T13:08:51.051Z] [org.springframework.data.repository.config.RepositoryConfigurationDelegate] [main] [127] [INFO ] Bootstrapping Spring Data JPA repositories in DEFAULT mode.
[2021-05-29T13:08:51.051Z] [org.springframework.data.repository.config.RepositoryConfigurationDelegate] [main] [187] [INFO ] Finished Spring Data repository scanning in 297ms. Found 1 JPA repository interfaces.
[2021-05-29T13:08:54.054Z] [org.springframework.boot.web.embedded.tomcat.TomcatWebServer] [main] [108] [INFO ] Tomcat initialized with port(s): 8081 (http)
[2021-05-29T13:08:54.054Z] [org.apache.juli.logging.DirectJDKLog] [main] [173] [INFO ] Starting service [Tomcat]
[2021-05-29T13:08:54.054Z] [org.apache.juli.logging.DirectJDKLog] [main] [173] [INFO ] Starting Servlet engine: [Apache Tomcat/9.0.45]
[2021-05-29T13:08:55.055Z] [org.apache.juli.logging.DirectJDKLog] [main] [173] [INFO ] Initializing Spring embedded WebApplicationContext
[2021-05-29T13:08:55.055Z] [org.springframework.boot.web.servlet.context.ServletWebServerApplicationContext] [main] [285] [INFO ] Root WebApplicationContext: initialization completed in 6562 ms
[2021-05-29T13:08:56.056Z] [org.hibernate.jpa.internal.util.LogHelper] [main] [31] [INFO ] HHH000204: Processing PersistenceUnitInfo [name: default]
[2021-05-29T13:08:56.056Z] [org.hibernate.Version] [main] [44] [INFO ] HHH000412: Hibernate ORM core version 5.4.30.Final
[2021-05-29T13:08:56.056Z] [org.hibernate.annotations.common.reflection.java.JavaReflectionManager] [main] [56] [INFO ] HCANN000001: Hibernate Commons Annotations {5.1.2.Final}
[2021-05-29T13:08:57.057Z] [com.zaxxer.hikari.HikariDataSource] [main] [110] [INFO ] HikariPool-1 - Starting...
[2021-05-29T13:08:58.058Z] [com.zaxxer.hikari.HikariDataSource] [main] [123] [INFO ] HikariPool-1 - Start completed.
[2021-05-29T13:08:58.058Z] [org.hibernate.dialect.Dialect] [main] [175] [INFO ] HHH000400: Using dialect: org.hibernate.dialect.MySQL5InnoDBDialect
[2021-05-29T13:09:00.000Z] [org.hibernate.engine.transaction.jta.platform.internal.JtaPlatformInitiator] [main] [52] [INFO ] HHH000490: Using JtaPlatform implementation: [org.hibernate.engine.transaction.jta.platform.internal.NoJtaPlatform]
[2021-05-29T13:09:00.000Z] [org.springframework.orm.jpa.AbstractEntityManagerFactoryBean] [main] [419] [INFO ] Initialized JPA EntityManagerFactory for persistence unit 'default'
[2021-05-29T13:09:02.002Z] [org.springframework.boot.autoconfigure.orm.jpa.JpaBaseConfiguration$JpaWebConfiguration] [main] [220] [WARN ] spring.jpa.open-in-view is enabled by default. Therefore, database queries may be performed during view rendering. Explicitly configure spring.jpa.open-in-view to disable this warning
[2021-05-29T13:09:02.002Z] [org.springframework.scheduling.concurrent.ExecutorConfigurationSupport] [main] [181] [INFO ] Initializing ExecutorService 'applicationTaskExecutor'
[2021-05-29T13:09:03.003Z] [org.springframework.boot.web.embedded.tomcat.TomcatWebServer] [main] [220] [INFO ] Tomcat started on port(s): 8081 (http) with context path ''
[2021-05-29T13:09:03.003Z] [org.springframework.boot.StartupInfoLogger] [main] [61] [INFO ] Started ProductsApplication in 15.911 seconds (JVM running for 18.031)
[2021-05-29T13:10:40.040Z] [org.apache.juli.logging.DirectJDKLog] [http-nio-8081-exec-2] [173] [INFO ] Initializing Spring DispatcherServlet 'dispatcherServlet'
[2021-05-29T13:10:40.040Z] [org.springframework.web.servlet.FrameworkServlet] [http-nio-8081-exec-2] [525] [INFO ] Initializing Servlet 'dispatcherServlet'
[2021-05-29T13:10:40.040Z] [org.springframework.web.servlet.FrameworkServlet] [http-nio-8081-exec-2] [547] [INFO ] Completed initialization in 29 ms
[2021-05-29T13:10:41.041Z] [com.edusol.products.ProductsController] [http-nio-8081-exec-2] [34] [INFO ] [Products [id=1, name=xyc, price=120.0, category=electronic], Products [id=2, name=xvc, price=200.0, category=electronic], Products [id=3, name=ball, price=100.0, category=toy]]
[2021-05-29T13:12:17.017Z] [com.edusol.products.ProductsController] [http-nio-8081-exec-5] [34] [INFO ] [Products [id=1, name=xyc, price=120.0, category=electronic], Products [id=2, name=xvc, price=200.0, category=electronic], Products [id=3, name=ball, price=100.0, category=toy]]
[2021-05-29T13:14:25.025Z] [org.springframework.boot.StartupInfoLogger] [main] [55] [INFO ] Starting ProductsApplication on LAPTOP-HPIAQB17 with PID 30328 (C:\Users\shankar\Desktop\java\products\target\classes started by shankar in C:\Users\shankar\Desktop\java\products)
[2021-05-29T13:14:25.025Z] [org.springframework.boot.SpringApplication] [main] [648] [INFO ] No active profile set, falling back to default profiles: default
[2021-05-29T13:14:27.027Z] [org.springframework.data.repository.config.RepositoryConfigurationDelegate] [main] [127] [INFO ] Bootstrapping Spring Data JPA repositories in DEFAULT mode.
[2021-05-29T13:14:27.027Z] [org.springframework.data.repository.config.RepositoryConfigurationDelegate] [main] [187] [INFO ] Finished Spring Data repository scanning in 178ms. Found 1 JPA repository interfaces.
[2021-05-29T13:14:30.030Z] [org.springframework.boot.web.embedded.tomcat.TomcatWebServer] [main] [108] [INFO ] Tomcat initialized with port(s): 8081 (http)
[2021-05-29T13:14:30.030Z] [org.apache.juli.logging.DirectJDKLog] [main] [173] [INFO ] Starting service [Tomcat]
[2021-05-29T13:14:30.030Z] [org.apache.juli.logging.DirectJDKLog] [main] [173] [INFO ] Starting Servlet engine: [Apache Tomcat/9.0.45]
[2021-05-29T13:14:30.030Z] [org.apache.juli.logging.DirectJDKLog] [main] [173] [INFO ] Initializing Spring embedded WebApplicationContext
[2021-05-29T13:14:30.030Z] [org.springframework.boot.web.servlet.context.ServletWebServerApplicationContext] [main] [285] [INFO ] Root WebApplicationContext: initialization completed in 4925 ms
[2021-05-29T13:14:31.031Z] [org.hibernate.jpa.internal.util.LogHelper] [main] [31] [INFO ] HHH000204: Processing PersistenceUnitInfo [name: default]
[2021-05-29T13:14:31.031Z] [org.hibernate.Version] [main] [44] [INFO ] HHH000412: Hibernate ORM core version 5.4.30.Final
[2021-05-29T13:14:31.031Z] [org.hibernate.annotations.common.reflection.java.JavaReflectionManager] [main] [56] [INFO ] HCANN000001: Hibernate Commons Annotations {5.1.2.Final}
[2021-05-29T13:14:32.032Z] [com.zaxxer.hikari.HikariDataSource] [main] [110] [INFO ] HikariPool-1 - Starting...
[2021-05-29T13:14:32.032Z] [com.zaxxer.hikari.HikariDataSource] [main] [123] [INFO ] HikariPool-1 - Start completed.
[2021-05-29T13:14:32.032Z] [org.hibernate.dialect.Dialect] [main] [175] [INFO ] HHH000400: Using dialect: org.hibernate.dialect.MySQL5InnoDBDialect
[2021-05-29T13:14:35.035Z] [org.hibernate.engine.transaction.jta.platform.internal.JtaPlatformInitiator] [main] [52] [INFO ] HHH000490: Using JtaPlatform implementation: [org.hibernate.engine.transaction.jta.platform.internal.NoJtaPlatform]
[2021-05-29T13:14:35.035Z] [org.springframework.orm.jpa.AbstractEntityManagerFactoryBean] [main] [419] [INFO ] Initialized JPA EntityManagerFactory for persistence unit 'default'
[2021-05-29T13:14:36.036Z] [org.springframework.boot.autoconfigure.orm.jpa.JpaBaseConfiguration$JpaWebConfiguration] [main] [220] [WARN ] spring.jpa.open-in-view is enabled by default. Therefore, database queries may be performed during view rendering. Explicitly configure spring.jpa.open-in-view to disable this warning
[2021-05-29T13:14:36.036Z] [org.springframework.scheduling.concurrent.ExecutorConfigurationSupport] [main] [181] [INFO ] Initializing ExecutorService 'applicationTaskExecutor'
[2021-05-29T13:14:37.037Z] [org.springframework.boot.web.embedded.tomcat.TomcatWebServer] [main] [220] [INFO ] Tomcat started on port(s): 8081 (http) with context path ''
[2021-05-29T13:14:37.037Z] [org.springframework.boot.StartupInfoLogger] [main] [61] [INFO ] Started ProductsApplication in 13.179 seconds (JVM running for 15.19)
[2021-05-29T13:29:49.049Z] [org.springframework.boot.StartupInfoLogger] [main] [55] [INFO ] Starting ProductsApplication on LAPTOP-HPIAQB17 with PID 19876 (C:\Users\shankar\Desktop\java\products\target\classes started by shankar in C:\Users\shankar\Desktop\java\products)
[2021-05-29T13:29:49.049Z] [org.springframework.boot.SpringApplication] [main] [648] [INFO ] No active profile set, falling back to default profiles: default
[2021-05-29T13:29:52.052Z] [org.springframework.data.repository.config.RepositoryConfigurationDelegate] [main] [127] [INFO ] Bootstrapping Spring Data JPA repositories in DEFAULT mode.
[2021-05-29T13:29:52.052Z] [org.springframework.data.repository.config.RepositoryConfigurationDelegate] [main] [187] [INFO ] Finished Spring Data repository scanning in 216ms. Found 1 JPA repository interfaces.
[2021-05-29T13:29:55.055Z] [org.springframework.boot.web.embedded.tomcat.TomcatWebServer] [main] [108] [INFO ] Tomcat initialized with port(s): 8081 (http)
[2021-05-29T13:29:55.055Z] [org.apache.juli.logging.DirectJDKLog] [main] [173] [INFO ] Starting service [Tomcat]
[2021-05-29T13:29:55.055Z] [org.apache.juli.logging.DirectJDKLog] [main] [173] [INFO ] Starting Servlet engine: [Apache Tomcat/9.0.45]
[2021-05-29T13:29:56.056Z] [org.apache.juli.logging.DirectJDKLog] [main] [173] [INFO ] Initializing Spring embedded WebApplicationContext
[2021-05-29T13:29:56.056Z] [org.springframework.boot.web.servlet.context.ServletWebServerApplicationContext] [main] [285] [INFO ] Root WebApplicationContext: initialization completed in 6891 ms
[2021-05-29T13:29:57.057Z] [org.hibernate.jpa.internal.util.LogHelper] [main] [31] [INFO ] HHH000204: Processing PersistenceUnitInfo [name: default]
[2021-05-29T13:29:57.057Z] [org.hibernate.Version] [main] [44] [INFO ] HHH000412: Hibernate ORM core version 5.4.30.Final
[2021-05-29T13:29:58.058Z] [org.hibernate.annotations.common.reflection.java.JavaReflectionManager] [main] [56] [INFO ] HCANN000001: Hibernate Commons Annotations {5.1.2.Final}
[2021-05-29T13:29:58.058Z] [com.zaxxer.hikari.HikariDataSource] [main] [110] [INFO ] HikariPool-1 - Starting...
[2021-05-29T13:30:00.000Z] [com.zaxxer.hikari.HikariDataSource] [main] [123] [INFO ] HikariPool-1 - Start completed.
[2021-05-29T13:30:00.000Z] [org.hibernate.dialect.Dialect] [main] [175] [INFO ] HHH000400: Using dialect: org.hibernate.dialect.MySQL5InnoDBDialect
[2021-05-29T13:30:03.003Z] [org.hibernate.engine.transaction.jta.platform.internal.JtaPlatformInitiator] [main] [52] [INFO ] HHH000490: Using JtaPlatform implementation: [org.hibernate.engine.transaction.jta.platform.internal.NoJtaPlatform]
[2021-05-29T13:30:03.003Z] [org.springframework.orm.jpa.AbstractEntityManagerFactoryBean] [main] [419] [INFO ] Initialized JPA EntityManagerFactory for persistence unit 'default'
[2021-05-29T13:30:04.004Z] [org.springframework.boot.autoconfigure.orm.jpa.JpaBaseConfiguration$JpaWebConfiguration] [main] [220] [WARN ] spring.jpa.open-in-view is enabled by default. Therefore, database queries may be performed during view rendering. Explicitly configure spring.jpa.open-in-view to disable this warning
[2021-05-29T13:30:05.005Z] [org.springframework.scheduling.concurrent.ExecutorConfigurationSupport] [main] [181] [INFO ] Initializing ExecutorService 'applicationTaskExecutor'
[2021-05-29T13:30:06.006Z] [org.springframework.boot.web.embedded.tomcat.TomcatWebServer] [main] [220] [INFO ] Tomcat started on port(s): 8081 (http) with context path ''
[2021-05-29T13:30:06.006Z] [org.springframework.boot.StartupInfoLogger] [main] [61] [INFO ] Started ProductsApplication in 19.278 seconds (JVM running for 24.456)
[2021-05-29T13:30:21.021Z] [org.apache.juli.logging.DirectJDKLog] [http-nio-8081-exec-1] [173] [INFO ] Initializing Spring DispatcherServlet 'dispatcherServlet'
[2021-05-29T13:30:21.021Z] [org.springframework.web.servlet.FrameworkServlet] [http-nio-8081-exec-1] [525] [INFO ] Initializing Servlet 'dispatcherServlet'
[2021-05-29T13:30:22.022Z] [org.springframework.web.servlet.FrameworkServlet] [http-nio-8081-exec-1] [547] [INFO ] Completed initialization in 24 ms
[2021-05-29T13:30:23.023Z] [com.edusol.products.ProductsController] [http-nio-8081-exec-1] [34] [INFO ] [Products [id=1, name=xyc, price=120.0, category=electronic], Products [id=2, name=xvc, price=200.0, category=electronic], Products [id=3, name=ball, price=100.0, category=toy]]
[2021-05-29T13:32:51.051Z] [com.edusol.products.service.ProductsService] [http-nio-8081-exec-5] [24] [INFO ] Products [id=4, name=jeans, price=1000.0, category=cloth]
[2021-05-29T13:32:52.052Z] [com.edusol.products.service.ProductsService] [http-nio-8081-exec-5] [26] [INFO ] products added successfully
[2021-05-29T13:53:44.044Z] [org.springframework.boot.StartupInfoLogger] [main] [55] [INFO ] Starting ProductsApplication on LAPTOP-HPIAQB17 with PID 21492 (C:\Users\shankar\Desktop\java\products\target\classes started by shankar in C:\Users\shankar\Desktop\java\products)
[2021-05-29T13:53:44.044Z] [org.springframework.boot.SpringApplication] [main] [648] [INFO ] No active profile set, falling back to default profiles: default
[2021-05-29T13:53:46.046Z] [org.springframework.data.repository.config.RepositoryConfigurationDelegate] [main] [127] [INFO ] Bootstrapping Spring Data JPA repositories in DEFAULT mode.
[2021-05-29T13:53:46.046Z] [org.springframework.data.repository.config.RepositoryConfigurationDelegate] [main] [187] [INFO ] Finished Spring Data repository scanning in 189ms. Found 1 JPA repository interfaces.
[2021-05-29T13:53:49.049Z] [org.springframework.boot.web.embedded.tomcat.TomcatWebServer] [main] [108] [INFO ] Tomcat initialized with port(s): 8081 (http)
[2021-05-29T13:53:49.049Z] [org.apache.juli.logging.DirectJDKLog] [main] [173] [INFO ] Starting service [Tomcat]
[2021-05-29T13:53:49.049Z] [org.apache.juli.logging.DirectJDKLog] [main] [173] [INFO ] Starting Servlet engine: [Apache Tomcat/9.0.45]
[2021-05-29T13:53:50.050Z] [org.apache.juli.logging.DirectJDKLog] [main] [173] [INFO ] Initializing Spring embedded WebApplicationContext
[2021-05-29T13:53:50.050Z] [org.springframework.boot.web.servlet.context.ServletWebServerApplicationContext] [main] [285] [INFO ] Root WebApplicationContext: initialization completed in 5289 ms
[2021-05-29T13:53:50.050Z] [org.hibernate.jpa.internal.util.LogHelper] [main] [31] [INFO ] HHH000204: Processing PersistenceUnitInfo [name: default]
[2021-05-29T13:53:51.051Z] [org.hibernate.Version] [main] [44] [INFO ] HHH000412: Hibernate ORM core version 5.4.30.Final
[2021-05-29T13:53:51.051Z] [org.hibernate.annotations.common.reflection.java.JavaReflectionManager] [main] [56] [INFO ] HCANN000001: Hibernate Commons Annotations {5.1.2.Final}
[2021-05-29T13:53:51.051Z] [com.zaxxer.hikari.HikariDataSource] [main] [110] [INFO ] HikariPool-1 - Starting...
[2021-05-29T13:53:52.052Z] [com.zaxxer.hikari.HikariDataSource] [main] [123] [INFO ] HikariPool-1 - Start completed.
[2021-05-29T13:53:52.052Z] [org.hibernate.dialect.Dialect] [main] [175] [INFO ] HHH000400: Using dialect: org.hibernate.dialect.MySQL5InnoDBDialect
[2021-05-29T13:53:54.054Z] [org.hibernate.engine.transaction.jta.platform.internal.JtaPlatformInitiator] [main] [52] [INFO ] HHH000490: Using JtaPlatform implementation: [org.hibernate.engine.transaction.jta.platform.internal.NoJtaPlatform]
[2021-05-29T13:53:54.054Z] [org.springframework.orm.jpa.AbstractEntityManagerFactoryBean] [main] [419] [INFO ] Initialized JPA EntityManagerFactory for persistence unit 'default'
[2021-05-29T13:53:56.056Z] [org.springframework.boot.autoconfigure.orm.jpa.JpaBaseConfiguration$JpaWebConfiguration] [main] [220] [WARN ] spring.jpa.open-in-view is enabled by default. Therefore, database queries may be performed during view rendering. Explicitly configure spring.jpa.open-in-view to disable this warning
[2021-05-29T13:53:56.056Z] [org.springframework.scheduling.concurrent.ExecutorConfigurationSupport] [main] [181] [INFO ] Initializing ExecutorService 'applicationTaskExecutor'
[2021-05-29T13:53:57.057Z] [org.springframework.boot.web.embedded.tomcat.TomcatWebServer] [main] [220] [INFO ] Tomcat started on port(s): 8081 (http) with context path ''
[2021-05-29T13:53:57.057Z] [org.springframework.boot.StartupInfoLogger] [main] [61] [INFO ] Started ProductsApplication in 13.598 seconds (JVM running for 15.734)
[2021-05-29T13:54:15.015Z] [org.apache.juli.logging.DirectJDKLog] [http-nio-8081-exec-2] [173] [INFO ] Initializing Spring DispatcherServlet 'dispatcherServlet'
[2021-05-29T13:54:15.015Z] [org.springframework.web.servlet.FrameworkServlet] [http-nio-8081-exec-2] [525] [INFO ] Initializing Servlet 'dispatcherServlet'
[2021-05-29T13:54:15.015Z] [org.springframework.web.servlet.FrameworkServlet] [http-nio-8081-exec-2] [547] [INFO ] Completed initialization in 20 ms
[2021-05-29T13:54:15.015Z] [com.edusol.products.service.ProductsService] [http-nio-8081-exec-2] [26] [INFO ] Products [id=5, name=SHIRT, price=1200.0, category=cloth]
[2021-05-29T13:54:15.015Z] [com.edusol.products.service.ProductsService] [http-nio-8081-exec-2] [28] [INFO ] products added successfully
[2021-05-30T09:47:58.058Z] [org.springframework.boot.StartupInfoLogger] [main] [55] [INFO ] Starting ProductsApplication on LAPTOP-HPIAQB17 with PID 27692 (C:\Users\shankar\Desktop\java\products\target\classes started by shankar in C:\Users\shankar\Desktop\java\products)
[2021-05-30T09:47:58.058Z] [org.springframework.boot.SpringApplication] [main] [648] [INFO ] No active profile set, falling back to default profiles: default
[2021-05-30T09:48:00.000Z] [org.springframework.data.repository.config.RepositoryConfigurationDelegate] [main] [127] [INFO ] Bootstrapping Spring Data JPA repositories in DEFAULT mode.
[2021-05-30T09:48:01.001Z] [org.springframework.data.repository.config.RepositoryConfigurationDelegate] [main] [187] [INFO ] Finished Spring Data repository scanning in 244ms. Found 1 JPA repository interfaces.
[2021-05-30T09:48:04.004Z] [org.springframework.boot.web.embedded.tomcat.TomcatWebServer] [main] [108] [INFO ] Tomcat initialized with port(s): 8081 (http)
[2021-05-30T09:48:04.004Z] [org.apache.juli.logging.DirectJDKLog] [main] [173] [INFO ] Starting service [Tomcat]
[2021-05-30T09:48:04.004Z] [org.apache.juli.logging.DirectJDKLog] [main] [173] [INFO ] Starting Servlet engine: [Apache Tomcat/9.0.45]
[2021-05-30T09:48:04.004Z] [org.apache.juli.logging.DirectJDKLog] [main] [173] [INFO ] Initializing Spring embedded WebApplicationContext
[2021-05-30T09:48:04.004Z] [org.springframework.boot.web.servlet.context.ServletWebServerApplicationContext] [main] [285] [INFO ] Root WebApplicationContext: initialization completed in 5635 ms
[2021-05-30T09:48:05.005Z] [org.hibernate.jpa.internal.util.LogHelper] [main] [31] [INFO ] HHH000204: Processing PersistenceUnitInfo [name: default]
[2021-05-30T09:48:05.005Z] [org.hibernate.Version] [main] [44] [INFO ] HHH000412: Hibernate ORM core version 5.4.30.Final
[2021-05-30T09:48:05.005Z] [org.hibernate.annotations.common.reflection.java.JavaReflectionManager] [main] [56] [INFO ] HCANN000001: Hibernate Commons Annotations {5.1.2.Final}
[2021-05-30T09:48:06.006Z] [com.zaxxer.hikari.HikariDataSource] [main] [110] [INFO ] HikariPool-1 - Starting...
[2021-05-30T09:48:06.006Z] [com.zaxxer.hikari.HikariDataSource] [main] [123] [INFO ] HikariPool-1 - Start completed.
[2021-05-30T09:48:07.007Z] [org.hibernate.dialect.Dialect] [main] [175] [INFO ] HHH000400: Using dialect: org.hibernate.dialect.MySQL5InnoDBDialect
[2021-05-30T09:48:09.009Z] [org.hibernate.engine.transaction.jta.platform.internal.JtaPlatformInitiator] [main] [52] [INFO ] HHH000490: Using JtaPlatform implementation: [org.hibernate.engine.transaction.jta.platform.internal.NoJtaPlatform]
[2021-05-30T09:48:10.010Z] [org.springframework.orm.jpa.AbstractEntityManagerFactoryBean] [main] [419] [INFO ] Initialized JPA EntityManagerFactory for persistence unit 'default'
[2021-05-30T09:48:11.011Z] [org.springframework.boot.autoconfigure.orm.jpa.JpaBaseConfiguration$JpaWebConfiguration] [main] [220] [WARN ] spring.jpa.open-in-view is enabled by default. Therefore, database queries may be performed during view rendering. Explicitly configure spring.jpa.open-in-view to disable this warning
[2021-05-30T09:48:12.012Z] [org.springframework.scheduling.concurrent.ExecutorConfigurationSupport] [main] [181] [INFO ] Initializing ExecutorService 'applicationTaskExecutor'
[2021-05-30T09:48:13.013Z] [org.springframework.boot.web.embedded.tomcat.TomcatWebServer] [main] [220] [INFO ] Tomcat started on port(s): 8081 (http) with context path ''
[2021-05-30T09:48:13.013Z] [org.springframework.boot.StartupInfoLogger] [main] [61] [INFO ] Started ProductsApplication in 15.645 seconds (JVM running for 17.932)
[2021-05-30T09:51:07.007Z] [org.apache.juli.logging.DirectJDKLog] [http-nio-8081-exec-1] [173] [INFO ] Initializing Spring DispatcherServlet 'dispatcherServlet'
[2021-05-30T09:51:07.007Z] [org.springframework.web.servlet.FrameworkServlet] [http-nio-8081-exec-1] [525] [INFO ] Initializing Servlet 'dispatcherServlet'
[2021-05-30T09:51:07.007Z] [org.springframework.web.servlet.FrameworkServlet] [http-nio-8081-exec-1] [547] [INFO ] Completed initialization in 27 ms
[2021-05-30T09:51:08.008Z] [com.edusol.products.ProductsController] [http-nio-8081-exec-1] [103] [INFO ] [Products [id=3, name=ball, price=100.0, category=toy]]
[2021-05-30T09:52:55.055Z] [com.edusol.products.ProductsController] [http-nio-8081-exec-5] [75] [INFO ] []
[2021-05-30T09:56:23.023Z] [com.edusol.products.ProductsController] [http-nio-8081-exec-8] [75] [INFO ] [Products [id=4, name=jeans, price=1000.0, category=cloth]]
[2021-05-30T11:26:23.023Z] [org.springframework.boot.StartupInfoLogger] [restartedMain] [55] [INFO ] Starting ProductsApplication on LAPTOP-HPIAQB17 with PID 25256 (C:\Users\shankar\Desktop\java\products\target\classes started by shankar in C:\Users\shankar\Desktop\java\products)
[2021-05-30T11:26:23.023Z] [org.springframework.boot.SpringApplication] [restartedMain] [648] [INFO ] No active profile set, falling back to default profiles: default
[2021-05-30T11:26:23.023Z] [org.springframework.boot.logging.DeferredLog] [restartedMain] [225] [INFO ] Devtools property defaults active! Set 'spring.devtools.add-properties' to 'false' to disable
[2021-05-30T11:26:23.023Z] [org.springframework.boot.logging.DeferredLog] [restartedMain] [225] [INFO ] For additional web related logging consider setting the 'logging.level.web' property to 'DEBUG'
[2021-05-30T11:26:25.025Z] [org.springframework.data.repository.config.RepositoryConfigurationDelegate] [restartedMain] [127] [INFO ] Bootstrapping Spring Data JPA repositories in DEFAULT mode.
[2021-05-30T11:26:26.026Z] [org.springframework.data.repository.config.RepositoryConfigurationDelegate] [restartedMain] [187] [INFO ] Finished Spring Data repository scanning in 150ms. Found 1 JPA repository interfaces.
[2021-05-30T11:26:28.028Z] [org.springframework.boot.web.embedded.tomcat.TomcatWebServer] [restartedMain] [108] [INFO ] Tomcat initialized with port(s): 8081 (http)
[2021-05-30T11:26:28.028Z] [org.apache.juli.logging.DirectJDKLog] [restartedMain] [173] [INFO ] Starting service [Tomcat]
[2021-05-30T11:26:28.028Z] [org.apache.juli.logging.DirectJDKLog] [restartedMain] [173] [INFO ] Starting Servlet engine: [Apache Tomcat/9.0.45]
[2021-05-30T11:26:29.029Z] [org.apache.juli.logging.DirectJDKLog] [restartedMain] [173] [INFO ] Initializing Spring embedded WebApplicationContext
[2021-05-30T11:26:29.029Z] [org.springframework.boot.web.servlet.context.ServletWebServerApplicationContext] [restartedMain] [285] [INFO ] Root WebApplicationContext: initialization completed in 5438 ms
[2021-05-30T11:26:29.029Z] [com.zaxxer.hikari.HikariDataSource] [restartedMain] [110] [INFO ] HikariPool-1 - Starting...
[2021-05-30T11:26:30.030Z] [com.zaxxer.hikari.HikariDataSource] [restartedMain] [123] [INFO ] HikariPool-1 - Start completed.
[2021-05-30T11:26:30.030Z] [org.springframework.boot.autoconfigure.h2.H2ConsoleAutoConfiguration] [restartedMain] [73] [INFO ] H2 console available at '/h2-console'. Database available at 'jdbc:mysql://localhost:3306/java'
[2021-05-30T11:26:31.031Z] [org.hibernate.jpa.internal.util.LogHelper] [restartedMain] [31] [INFO ] HHH000204: Processing PersistenceUnitInfo [name: default]
[2021-05-30T11:26:31.031Z] [org.hibernate.Version] [restartedMain] [44] [INFO ] HHH000412: Hibernate ORM core version 5.4.30.Final
[2021-05-30T11:26:32.032Z] [org.hibernate.annotations.common.reflection.java.JavaReflectionManager] [restartedMain] [56] [INFO ] HCANN000001: Hibernate Commons Annotations {5.1.2.Final}
[2021-05-30T11:26:32.032Z] [org.hibernate.dialect.Dialect] [restartedMain] [175] [INFO ] HHH000400: Using dialect: org.hibernate.dialect.MySQL5InnoDBDialect
[2021-05-30T11:26:34.034Z] [org.hibernate.engine.transaction.jta.platform.internal.JtaPlatformInitiator] [restartedMain] [52] [INFO ] HHH000490: Using JtaPlatform implementation: [org.hibernate.engine.transaction.jta.platform.internal.NoJtaPlatform]
[2021-05-30T11:26:34.034Z] [org.springframework.orm.jpa.AbstractEntityManagerFactoryBean] [restartedMain] [419] [INFO ] Initialized JPA EntityManagerFactory for persistence unit 'default'
[2021-05-30T11:26:34.034Z] [org.springframework.boot.devtools.autoconfigure.OptionalLiveReloadServer] [restartedMain] [58] [INFO ] LiveReload server is running on port 35729
[2021-05-30T11:26:36.036Z] [org.springframework.boot.autoconfigure.orm.jpa.JpaBaseConfiguration$JpaWebConfiguration] [restartedMain] [220] [WARN ] spring.jpa.open-in-view is enabled by default. Therefore, database queries may be performed during view rendering. Explicitly configure spring.jpa.open-in-view to disable this warning
[2021-05-30T11:26:36.036Z] [org.springframework.scheduling.concurrent.ExecutorConfigurationSupport] [restartedMain] [181] [INFO ] Initializing ExecutorService 'applicationTaskExecutor'
[2021-05-30T11:26:37.037Z] [org.springframework.boot.web.embedded.tomcat.TomcatWebServer] [restartedMain] [220] [INFO ] Tomcat started on port(s): 8081 (http) with context path ''
[2021-05-30T11:26:37.037Z] [org.springframework.boot.StartupInfoLogger] [restartedMain] [61] [INFO ] Started ProductsApplication in 15.083 seconds (JVM running for 17.267)
[2021-05-30T11:27:13.013Z] [org.springframework.scheduling.concurrent.ExecutorConfigurationSupport] [Thread-4] [218] [INFO ] Shutting down ExecutorService 'applicationTaskExecutor'
[2021-05-30T11:27:13.013Z] [org.springframework.orm.jpa.AbstractEntityManagerFactoryBean] [Thread-4] [601] [INFO ] Closing JPA EntityManagerFactory for persistence unit 'default'
[2021-05-30T11:27:13.013Z] [com.zaxxer.hikari.HikariDataSource] [Thread-4] [350] [INFO ] HikariPool-1 - Shutdown initiated...
[2021-05-30T11:27:13.013Z] [com.zaxxer.hikari.HikariDataSource] [Thread-4] [352] [INFO ] HikariPool-1 - Shutdown completed.
[2021-05-30T11:27:13.013Z] [org.springframework.boot.StartupInfoLogger] [restartedMain] [55] [INFO ] Starting ProductsApplication on LAPTOP-HPIAQB17 with PID 25256 (C:\Users\shankar\Desktop\java\products\target\classes started by shankar in C:\Users\shankar\Desktop\java\products)
[2021-05-30T11:27:13.013Z] [org.springframework.boot.SpringApplication] [restartedMain] [648] [INFO ] No active profile set, falling back to default profiles: default
[2021-05-30T11:27:15.015Z] [org.springframework.data.repository.config.RepositoryConfigurationDelegate] [restartedMain] [127] [INFO ] Bootstrapping Spring Data JPA repositories in DEFAULT mode.
[2021-05-30T11:27:15.015Z] [org.springframework.data.repository.config.RepositoryConfigurationDelegate] [restartedMain] [187] [INFO ] Finished Spring Data repository scanning in 123ms. Found 1 JPA repository interfaces.
[2021-05-30T11:27:16.016Z] [org.springframework.boot.web.embedded.tomcat.TomcatWebServer] [restartedMain] [108] [INFO ] Tomcat initialized with port(s): 8081 (http)
[2021-05-30T11:27:16.016Z] [org.apache.juli.logging.DirectJDKLog] [restartedMain] [173] [INFO ] Starting service [Tomcat]
[2021-05-30T11:27:16.016Z] [org.apache.juli.logging.DirectJDKLog] [restartedMain] [173] [INFO ] Starting Servlet engine: [Apache Tomcat/9.0.45]
[2021-05-30T11:27:16.016Z] [org.apache.juli.logging.DirectJDKLog] [restartedMain] [173] [INFO ] Initializing Spring embedded WebApplicationContext
[2021-05-30T11:27:16.016Z] [org.springframework.boot.web.servlet.context.ServletWebServerApplicationContext] [restartedMain] [285] [INFO ] Root WebApplicationContext: initialization completed in 2369 ms
[2021-05-30T11:27:16.016Z] [com.zaxxer.hikari.HikariDataSource] [restartedMain] [110] [INFO ] HikariPool-2 - Starting...
[2021-05-30T11:27:16.016Z] [com.zaxxer.hikari.HikariDataSource] [restartedMain] [123] [INFO ] HikariPool-2 - Start completed.
[2021-05-30T11:27:16.016Z] [org.springframework.boot.autoconfigure.h2.H2ConsoleAutoConfiguration] [restartedMain] [73] [INFO ] H2 console available at '/h2-console'. Database available at 'jdbc:mysql://localhost:3306/java'
[2021-05-30T11:27:16.016Z] [org.hibernate.jpa.internal.util.LogHelper] [restartedMain] [31] [INFO ] HHH000204: Processing PersistenceUnitInfo [name: default]
[2021-05-30T11:27:16.016Z] [org.hibernate.dialect.Dialect] [restartedMain] [175] [INFO ] HHH000400: Using dialect: org.hibernate.dialect.MySQL5InnoDBDialect
[2021-05-30T11:27:16.016Z] [org.hibernate.engine.transaction.jta.platform.internal.JtaPlatformInitiator] [restartedMain] [52] [INFO ] HHH000490: Using JtaPlatform implementation: [org.hibernate.engine.transaction.jta.platform.internal.NoJtaPlatform]
[2021-05-30T11:27:16.016Z] [org.springframework.orm.jpa.AbstractEntityManagerFactoryBean] [restartedMain] [419] [INFO ] Initialized JPA EntityManagerFactory for persistence unit 'default'
[2021-05-30T11:27:16.016Z] [org.springframework.boot.devtools.autoconfigure.OptionalLiveReloadServer] [restartedMain] [58] [INFO ] LiveReload server is running on port 35729
[2021-05-30T11:27:17.017Z] [org.springframework.boot.autoconfigure.orm.jpa.JpaBaseConfiguration$JpaWebConfiguration] [restartedMain] [220] [WARN ] spring.jpa.open-in-view is enabled by default. Therefore, database queries may be performed during view rendering. Explicitly configure spring.jpa.open-in-view to disable this warning
[2021-05-30T11:27:17.017Z] [org.springframework.scheduling.concurrent.ExecutorConfigurationSupport] [restartedMain] [181] [INFO ] Initializing ExecutorService 'applicationTaskExecutor'
[2021-05-30T11:27:17.017Z] [org.springframework.boot.web.embedded.tomcat.TomcatWebServer] [restartedMain] [220] [INFO ] Tomcat started on port(s): 8081 (http) with context path ''
[2021-05-30T11:27:17.017Z] [org.springframework.boot.StartupInfoLogger] [restartedMain] [61] [INFO ] Started ProductsApplication in 3.983 seconds (JVM running for 57.419)
[2021-05-30T11:27:17.017Z] [org.springframework.boot.devtools.autoconfigure.ConditionEvaluationDeltaLoggingListener] [restartedMain] [63] [INFO ] Condition evaluation unchanged
[2021-05-30T11:27:29.029Z] [org.springframework.boot.StartupInfoLogger] [restartedMain] [55] [INFO ] Starting ProductsApplication on LAPTOP-HPIAQB17 with PID 22456 (C:\Users\shankar\Desktop\java\products\target\classes started by shankar in C:\Users\shankar\Desktop\java\products)
[2021-05-30T11:27:29.029Z] [org.springframework.boot.SpringApplication] [restartedMain] [648] [INFO ] No active profile set, falling back to default profiles: default
[2021-05-30T11:27:29.029Z] [org.springframework.boot.logging.DeferredLog] [restartedMain] [225] [INFO ] Devtools property defaults active! Set 'spring.devtools.add-properties' to 'false' to disable
[2021-05-30T11:27:29.029Z] [org.springframework.boot.logging.DeferredLog] [restartedMain] [225] [INFO ] For additional web related logging consider setting the 'logging.level.web' property to 'DEBUG'
[2021-05-30T11:27:32.032Z] [org.springframework.data.repository.config.RepositoryConfigurationDelegate] [restartedMain] [127] [INFO ] Bootstrapping Spring Data JPA repositories in DEFAULT mode.
[2021-05-30T11:27:32.032Z] [org.springframework.data.repository.config.RepositoryConfigurationDelegate] [restartedMain] [187] [INFO ] Finished Spring Data repository scanning in 170ms. Found 1 JPA repository interfaces.
[2021-05-30T11:27:35.035Z] [org.springframework.boot.web.embedded.tomcat.TomcatWebServer] [restartedMain] [108] [INFO ] Tomcat initialized with port(s): 8081 (http)
[2021-05-30T11:27:35.035Z] [org.apache.juli.logging.DirectJDKLog] [restartedMain] [173] [INFO ] Starting service [Tomcat]
[2021-05-30T11:27:35.035Z] [org.apache.juli.logging.DirectJDKLog] [restartedMain] [173] [INFO ] Starting Servlet engine: [Apache Tomcat/9.0.45]
[2021-05-30T11:27:35.035Z] [org.apache.juli.logging.DirectJDKLog] [restartedMain] [173] [INFO ] Initializing Spring embedded WebApplicationContext
[2021-05-30T11:27:35.035Z] [org.springframework.boot.web.servlet.context.ServletWebServerApplicationContext] [restartedMain] [285] [INFO ] Root WebApplicationContext: initialization completed in 5846 ms
[2021-05-30T11:27:35.035Z] [com.zaxxer.hikari.HikariDataSource] [restartedMain] [110] [INFO ] HikariPool-1 - Starting...
[2021-05-30T11:27:36.036Z] [com.zaxxer.hikari.HikariDataSource] [restartedMain] [123] [INFO ] HikariPool-1 - Start completed.
[2021-05-30T11:27:36.036Z] [org.springframework.boot.autoconfigure.h2.H2ConsoleAutoConfiguration] [restartedMain] [73] [INFO ] H2 console available at '/h2-console'. Database available at 'jdbc:mysql://localhost:3306/java'
[2021-05-30T11:27:37.037Z] [org.hibernate.jpa.internal.util.LogHelper] [restartedMain] [31] [INFO ] HHH000204: Processing PersistenceUnitInfo [name: default]
[2021-05-30T11:27:38.038Z] [org.hibernate.Version] [restartedMain] [44] [INFO ] HHH000412: Hibernate ORM core version 5.4.30.Final
[2021-05-30T11:27:38.038Z] [org.hibernate.annotations.common.reflection.java.JavaReflectionManager] [restartedMain] [56] [INFO ] HCANN000001: Hibernate Commons Annotations {5.1.2.Final}
[2021-05-30T11:27:39.039Z] [org.hibernate.dialect.Dialect] [restartedMain] [175] [INFO ] HHH000400: Using dialect: org.hibernate.dialect.MySQL5InnoDBDialect
[2021-05-30T11:27:41.041Z] [org.hibernate.engine.transaction.jta.platform.internal.JtaPlatformInitiator] [restartedMain] [52] [INFO ] HHH000490: Using JtaPlatform implementation: [org.hibernate.engine.transaction.jta.platform.internal.NoJtaPlatform]
[2021-05-30T11:27:41.041Z] [org.springframework.orm.jpa.AbstractEntityManagerFactoryBean] [restartedMain] [419] [INFO ] Initialized JPA EntityManagerFactory for persistence unit 'default'
[2021-05-30T11:27:41.041Z] [org.springframework.boot.devtools.autoconfigure.OptionalLiveReloadServer] [restartedMain] [61] [WARN ] Unable to start LiveReload server
[2021-05-30T11:27:42.042Z] [org.springframework.boot.autoconfigure.orm.jpa.JpaBaseConfiguration$JpaWebConfiguration] [restartedMain] [220] [WARN ] spring.jpa.open-in-view is enabled by default. Therefore, database queries may be performed during view rendering. Explicitly configure spring.jpa.open-in-view to disable this warning
[2021-05-30T11:27:43.043Z] [org.springframework.scheduling.concurrent.ExecutorConfigurationSupport] [restartedMain] [181] [INFO ] Initializing ExecutorService 'applicationTaskExecutor'
[2021-05-30T11:27:43.043Z] [org.springframework.context.support.AbstractApplicationContext] [restartedMain] [559] [WARN ] Exception encountered during context initialization - cancelling refresh attempt: org.springframework.context.ApplicationContextException: Failed to start bean 'webServerStartStop'; nested exception is org.springframework.boot.web.server.PortInUseException: Port 8081 is already in use
[2021-05-30T11:27:43.043Z] [org.springframework.scheduling.concurrent.ExecutorConfigurationSupport] [restartedMain] [218] [INFO ] Shutting down ExecutorService 'applicationTaskExecutor'
[2021-05-30T11:27:43.043Z] [org.springframework.orm.jpa.AbstractEntityManagerFactoryBean] [restartedMain] [601] [INFO ] Closing JPA EntityManagerFactory for persistence unit 'default'
[2021-05-30T11:27:44.044Z] [com.zaxxer.hikari.HikariDataSource] [restartedMain] [350] [INFO ] HikariPool-1 - Shutdown initiated...
[2021-05-30T11:27:44.044Z] [com.zaxxer.hikari.HikariDataSource] [restartedMain] [352] [INFO ] HikariPool-1 - Shutdown completed.
[2021-05-30T11:27:44.044Z] [org.apache.juli.logging.DirectJDKLog] [restartedMain] [173] [INFO ] Stopping service [Tomcat]
[2021-05-30T11:27:44.044Z] [org.springframework.boot.autoconfigure.logging.ConditionEvaluationReportLoggingListener] [restartedMain] [136] [INFO ] 

Error starting ApplicationContext. To display the conditions report re-run your application with 'debug' enabled.
[2021-05-30T11:27:44.044Z] [org.springframework.boot.diagnostics.LoggingFailureAnalysisReporter] [restartedMain] [40] [ERROR] 

***************************
APPLICATION FAILED TO START
***************************

Description:

Web server failed to start. Port 8081 was already in use.

Action:

Identify and stop the process that's listening on port 8081 or configure this application to listen on another port.

[2021-05-30T11:30:26.026Z] [org.springframework.boot.StartupInfoLogger] [restartedMain] [55] [INFO ] Starting ProductsApplication on LAPTOP-HPIAQB17 with PID 23260 (C:\Users\shankar\Desktop\java\products\target\classes started by shankar in C:\Users\shankar\Desktop\java\products)
[2021-05-30T11:30:27.027Z] [org.springframework.boot.SpringApplication] [restartedMain] [648] [INFO ] No active profile set, falling back to default profiles: default
[2021-05-30T11:30:27.027Z] [org.springframework.boot.logging.DeferredLog] [restartedMain] [225] [INFO ] Devtools property defaults active! Set 'spring.devtools.add-properties' to 'false' to disable
[2021-05-30T11:30:27.027Z] [org.springframework.boot.logging.DeferredLog] [restartedMain] [225] [INFO ] For additional web related logging consider setting the 'logging.level.web' property to 'DEBUG'
[2021-05-30T11:30:29.029Z] [org.springframework.data.repository.config.RepositoryConfigurationDelegate] [restartedMain] [127] [INFO ] Bootstrapping Spring Data JPA repositories in DEFAULT mode.
[2021-05-30T11:30:29.029Z] [org.springframework.data.repository.config.RepositoryConfigurationDelegate] [restartedMain] [187] [INFO ] Finished Spring Data repository scanning in 152ms. Found 1 JPA repository interfaces.
[2021-05-30T11:30:32.032Z] [org.springframework.boot.web.embedded.tomcat.TomcatWebServer] [restartedMain] [108] [INFO ] Tomcat initialized with port(s): 8081 (http)
[2021-05-30T11:30:32.032Z] [org.apache.juli.logging.DirectJDKLog] [restartedMain] [173] [INFO ] Starting service [Tomcat]
[2021-05-30T11:30:32.032Z] [org.apache.juli.logging.DirectJDKLog] [restartedMain] [173] [INFO ] Starting Servlet engine: [Apache Tomcat/9.0.45]
[2021-05-30T11:30:33.033Z] [org.apache.juli.logging.DirectJDKLog] [restartedMain] [173] [INFO ] Initializing Spring embedded WebApplicationContext
[2021-05-30T11:30:33.033Z] [org.springframework.boot.web.servlet.context.ServletWebServerApplicationContext] [restartedMain] [285] [INFO ] Root WebApplicationContext: initialization completed in 5948 ms
[2021-05-30T11:30:33.033Z] [com.zaxxer.hikari.HikariDataSource] [restartedMain] [110] [INFO ] HikariPool-1 - Starting...
[2021-05-30T11:30:34.034Z] [com.zaxxer.hikari.HikariDataSource] [restartedMain] [123] [INFO ] HikariPool-1 - Start completed.
[2021-05-30T11:30:34.034Z] [org.springframework.boot.autoconfigure.h2.H2ConsoleAutoConfiguration] [restartedMain] [73] [INFO ] H2 console available at '/h2-console'. Database available at 'jdbc:mysql://localhost:3306/java'
[2021-05-30T11:30:35.035Z] [org.hibernate.jpa.internal.util.LogHelper] [restartedMain] [31] [INFO ] HHH000204: Processing PersistenceUnitInfo [name: default]
[2021-05-30T11:30:35.035Z] [org.hibernate.Version] [restartedMain] [44] [INFO ] HHH000412: Hibernate ORM core version 5.4.30.Final
[2021-05-30T11:30:36.036Z] [org.hibernate.annotations.common.reflection.java.JavaReflectionManager] [restartedMain] [56] [INFO ] HCANN000001: Hibernate Commons Annotations {5.1.2.Final}
[2021-05-30T11:30:36.036Z] [org.hibernate.dialect.Dialect] [restartedMain] [175] [INFO ] HHH000400: Using dialect: org.hibernate.dialect.MySQL5InnoDBDialect
[2021-05-30T11:30:38.038Z] [org.hibernate.engine.transaction.jta.platform.internal.JtaPlatformInitiator] [restartedMain] [52] [INFO ] HHH000490: Using JtaPlatform implementation: [org.hibernate.engine.transaction.jta.platform.internal.NoJtaPlatform]
[2021-05-30T11:30:38.038Z] [org.springframework.orm.jpa.AbstractEntityManagerFactoryBean] [restartedMain] [419] [INFO ] Initialized JPA EntityManagerFactory for persistence unit 'default'
[2021-05-30T11:30:38.038Z] [org.springframework.boot.devtools.autoconfigure.OptionalLiveReloadServer] [restartedMain] [58] [INFO ] LiveReload server is running on port 35729
[2021-05-30T11:30:40.040Z] [org.springframework.boot.autoconfigure.orm.jpa.JpaBaseConfiguration$JpaWebConfiguration] [restartedMain] [220] [WARN ] spring.jpa.open-in-view is enabled by default. Therefore, database queries may be performed during view rendering. Explicitly configure spring.jpa.open-in-view to disable this warning
[2021-05-30T11:30:40.040Z] [org.springframework.scheduling.concurrent.ExecutorConfigurationSupport] [restartedMain] [181] [INFO ] Initializing ExecutorService 'applicationTaskExecutor'
[2021-05-30T11:30:41.041Z] [org.springframework.boot.web.embedded.tomcat.TomcatWebServer] [restartedMain] [220] [INFO ] Tomcat started on port(s): 8081 (http) with context path ''
[2021-05-30T11:30:41.041Z] [org.springframework.boot.StartupInfoLogger] [restartedMain] [61] [INFO ] Started ProductsApplication in 15.651 seconds (JVM running for 18.196)
[2021-05-30T11:31:04.004Z] [org.apache.juli.logging.DirectJDKLog] [http-nio-8081-exec-1] [173] [INFO ] Initializing Spring DispatcherServlet 'dispatcherServlet'
[2021-05-30T11:31:04.004Z] [org.springframework.web.servlet.FrameworkServlet] [http-nio-8081-exec-1] [525] [INFO ] Initializing Servlet 'dispatcherServlet'
[2021-05-30T11:31:04.004Z] [org.springframework.web.servlet.FrameworkServlet] [http-nio-8081-exec-1] [547] [INFO ] Completed initialization in 45 ms
[2021-05-30T11:31:05.005Z] [com.edusol.products.ProductsController] [http-nio-8081-exec-1] [34] [INFO ] [Products [id=1, name=xyc, price=120.0, category=electronic], Products [id=2, name=xvc, price=200.0, category=electronic], Products [id=3, name=ball, price=100.0, category=toy], Products [id=4, name=jeans, price=1000.0, category=cloth], Products [id=5, name=SHIRT, price=1200.0, category=cloth]]
[2021-05-30T11:35:03.003Z] [org.springframework.web.servlet.handler.AbstractHandlerExceptionResolver] [http-nio-8081-exec-4] [199] [WARN ] Resolved [org.springframework.http.converter.HttpMessageNotReadableException: Required request body is missing: public java.lang.Object com.edusol.products.ProductsController.updateProducts(com.edusol.products.model.Products)]
[2021-05-30T11:35:19.019Z] [org.springframework.web.servlet.handler.AbstractHandlerExceptionResolver] [http-nio-8081-exec-6] [199] [WARN ] Resolved [org.springframework.http.converter.HttpMessageNotReadableException: Required request body is missing: public java.lang.Object com.edusol.products.ProductsController.updateProducts(com.edusol.products.model.Products)]
[2021-05-30T11:35:58.058Z] [org.springframework.web.servlet.handler.AbstractHandlerExceptionResolver] [http-nio-8081-exec-9] [199] [WARN ] Resolved [org.springframework.http.converter.HttpMessageNotReadableException: Required request body is missing: public java.lang.Object com.edusol.products.ProductsController.updateProducts(com.edusol.products.model.Products)]
[2021-05-30T11:38:34.034Z] [com.edusol.products.service.ProductsService] [http-nio-8081-exec-2] [81] [ERROR] Unable to find com.edusol.products.model.Products with id 7
[2021-05-30T11:40:51.051Z] [org.springframework.scheduling.concurrent.ExecutorConfigurationSupport] [Thread-4] [218] [INFO ] Shutting down ExecutorService 'applicationTaskExecutor'
[2021-05-30T11:40:51.051Z] [org.springframework.orm.jpa.AbstractEntityManagerFactoryBean] [Thread-4] [601] [INFO ] Closing JPA EntityManagerFactory for persistence unit 'default'
[2021-05-30T11:40:51.051Z] [com.zaxxer.hikari.HikariDataSource] [Thread-4] [350] [INFO ] HikariPool-1 - Shutdown initiated...
[2021-05-30T11:40:51.051Z] [com.zaxxer.hikari.HikariDataSource] [Thread-4] [352] [INFO ] HikariPool-1 - Shutdown completed.
[2021-05-30T11:40:51.051Z] [org.springframework.boot.StartupInfoLogger] [restartedMain] [55] [INFO ] Starting ProductsApplication on LAPTOP-HPIAQB17 with PID 23260 (C:\Users\shankar\Desktop\java\products\target\classes started by shankar in C:\Users\shankar\Desktop\java\products)
[2021-05-30T11:40:51.051Z] [org.springframework.boot.SpringApplication] [restartedMain] [648] [INFO ] No active profile set, falling back to default profiles: default
[2021-05-30T11:40:52.052Z] [org.springframework.data.repository.config.RepositoryConfigurationDelegate] [restartedMain] [127] [INFO ] Bootstrapping Spring Data JPA repositories in DEFAULT mode.
[2021-05-30T11:40:52.052Z] [org.springframework.data.repository.config.RepositoryConfigurationDelegate] [restartedMain] [187] [INFO ] Finished Spring Data repository scanning in 58ms. Found 1 JPA repository interfaces.
[2021-05-30T11:40:53.053Z] [org.springframework.boot.web.embedded.tomcat.TomcatWebServer] [restartedMain] [108] [INFO ] Tomcat initialized with port(s): 8081 (http)
[2021-05-30T11:40:53.053Z] [org.apache.juli.logging.DirectJDKLog] [restartedMain] [173] [INFO ] Starting service [Tomcat]
[2021-05-30T11:40:53.053Z] [org.apache.juli.logging.DirectJDKLog] [restartedMain] [173] [INFO ] Starting Servlet engine: [Apache Tomcat/9.0.45]
[2021-05-30T11:40:53.053Z] [org.apache.juli.logging.DirectJDKLog] [restartedMain] [173] [INFO ] Initializing Spring embedded WebApplicationContext
[2021-05-30T11:40:53.053Z] [org.springframework.boot.web.servlet.context.ServletWebServerApplicationContext] [restartedMain] [285] [INFO ] Root WebApplicationContext: initialization completed in 1520 ms
[2021-05-30T11:40:53.053Z] [com.zaxxer.hikari.HikariDataSource] [restartedMain] [110] [INFO ] HikariPool-2 - Starting...
[2021-05-30T11:40:53.053Z] [com.zaxxer.hikari.HikariDataSource] [restartedMain] [123] [INFO ] HikariPool-2 - Start completed.
[2021-05-30T11:40:53.053Z] [org.springframework.boot.autoconfigure.h2.H2ConsoleAutoConfiguration] [restartedMain] [73] [INFO ] H2 console available at '/h2-console'. Database available at 'jdbc:mysql://localhost:3306/java'
[2021-05-30T11:40:53.053Z] [org.hibernate.jpa.internal.util.LogHelper] [restartedMain] [31] [INFO ] HHH000204: Processing PersistenceUnitInfo [name: default]
[2021-05-30T11:40:53.053Z] [org.hibernate.dialect.Dialect] [restartedMain] [175] [INFO ] HHH000400: Using dialect: org.hibernate.dialect.MySQL5InnoDBDialect
[2021-05-30T11:40:54.054Z] [org.hibernate.engine.transaction.jta.platform.internal.JtaPlatformInitiator] [restartedMain] [52] [INFO ] HHH000490: Using JtaPlatform implementation: [org.hibernate.engine.transaction.jta.platform.internal.NoJtaPlatform]
[2021-05-30T11:40:54.054Z] [org.springframework.orm.jpa.AbstractEntityManagerFactoryBean] [restartedMain] [419] [INFO ] Initialized JPA EntityManagerFactory for persistence unit 'default'
[2021-05-30T11:40:54.054Z] [org.springframework.boot.devtools.autoconfigure.OptionalLiveReloadServer] [restartedMain] [58] [INFO ] LiveReload server is running on port 35729
[2021-05-30T11:40:54.054Z] [org.springframework.boot.autoconfigure.orm.jpa.JpaBaseConfiguration$JpaWebConfiguration] [restartedMain] [220] [WARN ] spring.jpa.open-in-view is enabled by default. Therefore, database queries may be performed during view rendering. Explicitly configure spring.jpa.open-in-view to disable this warning
[2021-05-30T11:40:54.054Z] [org.springframework.scheduling.concurrent.ExecutorConfigurationSupport] [restartedMain] [181] [INFO ] Initializing ExecutorService 'applicationTaskExecutor'
[2021-05-30T11:40:54.054Z] [org.springframework.boot.web.embedded.tomcat.TomcatWebServer] [restartedMain] [220] [INFO ] Tomcat started on port(s): 8081 (http) with context path ''
[2021-05-30T11:40:54.054Z] [org.springframework.boot.StartupInfoLogger] [restartedMain] [61] [INFO ] Started ProductsApplication in 3.253 seconds (JVM running for 631.645)
[2021-05-30T11:40:54.054Z] [org.springframework.boot.devtools.autoconfigure.ConditionEvaluationDeltaLoggingListener] [restartedMain] [63] [INFO ] Condition evaluation unchanged
[2021-05-30T11:41:01.001Z] [org.apache.juli.logging.DirectJDKLog] [http-nio-8081-exec-1] [173] [INFO ] Initializing Spring DispatcherServlet 'dispatcherServlet'
[2021-05-30T11:41:01.001Z] [org.springframework.web.servlet.FrameworkServlet] [http-nio-8081-exec-1] [525] [INFO ] Initializing Servlet 'dispatcherServlet'
[2021-05-30T11:41:01.001Z] [org.springframework.web.servlet.FrameworkServlet] [http-nio-8081-exec-1] [547] [INFO ] Completed initialization in 7 ms
[2021-05-30T11:41:02.002Z] [com.edusol.products.service.ProductsService] [http-nio-8081-exec-1] [81] [ERROR] Unable to find com.edusol.products.model.Products with id 7
[2021-05-30T11:43:27.027Z] [org.springframework.boot.StartupInfoLogger] [restartedMain] [55] [INFO ] Starting ProductsApplication on LAPTOP-HPIAQB17 with PID 26092 (C:\Users\shankar\Desktop\java\products\target\classes started by shankar in C:\Users\shankar\Desktop\java\products)
[2021-05-30T11:43:27.027Z] [org.springframework.boot.SpringApplication] [restartedMain] [648] [INFO ] No active profile set, falling back to default profiles: default
[2021-05-30T11:43:28.028Z] [org.springframework.boot.logging.DeferredLog] [restartedMain] [225] [INFO ] Devtools property defaults active! Set 'spring.devtools.add-properties' to 'false' to disable
[2021-05-30T11:43:28.028Z] [org.springframework.boot.logging.DeferredLog] [restartedMain] [225] [INFO ] For additional web related logging consider setting the 'logging.level.web' property to 'DEBUG'
[2021-05-30T11:43:31.031Z] [org.springframework.data.repository.config.RepositoryConfigurationDelegate] [restartedMain] [127] [INFO ] Bootstrapping Spring Data JPA repositories in DEFAULT mode.
[2021-05-30T11:43:31.031Z] [org.springframework.data.repository.config.RepositoryConfigurationDelegate] [restartedMain] [187] [INFO ] Finished Spring Data repository scanning in 212ms. Found 1 JPA repository interfaces.
[2021-05-30T11:43:33.033Z] [org.springframework.boot.web.embedded.tomcat.TomcatWebServer] [restartedMain] [108] [INFO ] Tomcat initialized with port(s): 8081 (http)
[2021-05-30T11:43:33.033Z] [org.apache.juli.logging.DirectJDKLog] [restartedMain] [173] [INFO ] Starting service [Tomcat]
[2021-05-30T11:43:33.033Z] [org.apache.juli.logging.DirectJDKLog] [restartedMain] [173] [INFO ] Starting Servlet engine: [Apache Tomcat/9.0.45]
[2021-05-30T11:43:34.034Z] [org.apache.juli.logging.DirectJDKLog] [restartedMain] [173] [INFO ] Initializing Spring embedded WebApplicationContext
[2021-05-30T11:43:34.034Z] [org.springframework.boot.web.servlet.context.ServletWebServerApplicationContext] [restartedMain] [285] [INFO ] Root WebApplicationContext: initialization completed in 6353 ms
[2021-05-30T11:43:34.034Z] [com.zaxxer.hikari.HikariDataSource] [restartedMain] [110] [INFO ] HikariPool-1 - Starting...
[2021-05-30T11:43:35.035Z] [com.zaxxer.hikari.HikariDataSource] [restartedMain] [123] [INFO ] HikariPool-1 - Start completed.
[2021-05-30T11:43:35.035Z] [org.springframework.boot.autoconfigure.h2.H2ConsoleAutoConfiguration] [restartedMain] [73] [INFO ] H2 console available at '/h2-console'. Database available at 'jdbc:mysql://localhost:3306/java'
[2021-05-30T11:43:36.036Z] [org.hibernate.jpa.internal.util.LogHelper] [restartedMain] [31] [INFO ] HHH000204: Processing PersistenceUnitInfo [name: default]
[2021-05-30T11:43:36.036Z] [org.hibernate.Version] [restartedMain] [44] [INFO ] HHH000412: Hibernate ORM core version 5.4.30.Final
[2021-05-30T11:43:37.037Z] [org.hibernate.annotations.common.reflection.java.JavaReflectionManager] [restartedMain] [56] [INFO ] HCANN000001: Hibernate Commons Annotations {5.1.2.Final}
[2021-05-30T11:43:37.037Z] [org.hibernate.dialect.Dialect] [restartedMain] [175] [INFO ] HHH000400: Using dialect: org.hibernate.dialect.MySQL5InnoDBDialect
[2021-05-30T11:43:39.039Z] [org.hibernate.engine.transaction.jta.platform.internal.JtaPlatformInitiator] [restartedMain] [52] [INFO ] HHH000490: Using JtaPlatform implementation: [org.hibernate.engine.transaction.jta.platform.internal.NoJtaPlatform]
[2021-05-30T11:43:39.039Z] [org.springframework.orm.jpa.AbstractEntityManagerFactoryBean] [restartedMain] [419] [INFO ] Initialized JPA EntityManagerFactory for persistence unit 'default'
[2021-05-30T11:43:39.039Z] [org.springframework.boot.devtools.autoconfigure.OptionalLiveReloadServer] [restartedMain] [58] [INFO ] LiveReload server is running on port 35729
[2021-05-30T11:43:41.041Z] [org.springframework.boot.autoconfigure.orm.jpa.JpaBaseConfiguration$JpaWebConfiguration] [restartedMain] [220] [WARN ] spring.jpa.open-in-view is enabled by default. Therefore, database queries may be performed during view rendering. Explicitly configure spring.jpa.open-in-view to disable this warning
[2021-05-30T11:43:42.042Z] [org.springframework.scheduling.concurrent.ExecutorConfigurationSupport] [restartedMain] [181] [INFO ] Initializing ExecutorService 'applicationTaskExecutor'
[2021-05-30T11:43:43.043Z] [org.springframework.boot.web.embedded.tomcat.TomcatWebServer] [restartedMain] [220] [INFO ] Tomcat started on port(s): 8081 (http) with context path ''
[2021-05-30T11:43:43.043Z] [org.springframework.boot.StartupInfoLogger] [restartedMain] [61] [INFO ] Started ProductsApplication in 17.032 seconds (JVM running for 19.88)
[2021-05-30T11:44:04.004Z] [org.apache.juli.logging.DirectJDKLog] [http-nio-8081-exec-2] [173] [INFO ] Initializing Spring DispatcherServlet 'dispatcherServlet'
[2021-05-30T11:44:04.004Z] [org.springframework.web.servlet.FrameworkServlet] [http-nio-8081-exec-2] [525] [INFO ] Initializing Servlet 'dispatcherServlet'
[2021-05-30T11:44:04.004Z] [org.springframework.web.servlet.FrameworkServlet] [http-nio-8081-exec-2] [547] [INFO ] Completed initialization in 27 ms
[2021-05-30T11:44:05.005Z] [com.edusol.products.service.ProductsService] [http-nio-8081-exec-2] [81] [ERROR] Unable to find com.edusol.products.model.Products with id 6
[2021-05-30T11:49:24.024Z] [org.springframework.scheduling.concurrent.ExecutorConfigurationSupport] [Thread-4] [218] [INFO ] Shutting down ExecutorService 'applicationTaskExecutor'
[2021-05-30T11:49:24.024Z] [org.springframework.orm.jpa.AbstractEntityManagerFactoryBean] [Thread-4] [601] [INFO ] Closing JPA EntityManagerFactory for persistence unit 'default'
[2021-05-30T11:49:24.024Z] [com.zaxxer.hikari.HikariDataSource] [Thread-4] [350] [INFO ] HikariPool-1 - Shutdown initiated...
[2021-05-30T11:49:24.024Z] [com.zaxxer.hikari.HikariDataSource] [Thread-4] [352] [INFO ] HikariPool-1 - Shutdown completed.
[2021-05-30T11:49:25.025Z] [org.springframework.boot.StartupInfoLogger] [restartedMain] [55] [INFO ] Starting ProductsApplication on LAPTOP-HPIAQB17 with PID 26092 (C:\Users\shankar\Desktop\java\products\target\classes started by shankar in C:\Users\shankar\Desktop\java\products)
[2021-05-30T11:49:25.025Z] [org.springframework.boot.SpringApplication] [restartedMain] [648] [INFO ] No active profile set, falling back to default profiles: default
[2021-05-30T11:49:26.026Z] [org.springframework.data.repository.config.RepositoryConfigurationDelegate] [restartedMain] [127] [INFO ] Bootstrapping Spring Data JPA repositories in DEFAULT mode.
[2021-05-30T11:49:26.026Z] [org.springframework.data.repository.config.RepositoryConfigurationDelegate] [restartedMain] [187] [INFO ] Finished Spring Data repository scanning in 78ms. Found 1 JPA repository interfaces.
[2021-05-30T11:49:26.026Z] [org.springframework.boot.web.embedded.tomcat.TomcatWebServer] [restartedMain] [108] [INFO ] Tomcat initialized with port(s): 8081 (http)
[2021-05-30T11:49:26.026Z] [org.apache.juli.logging.DirectJDKLog] [restartedMain] [173] [INFO ] Starting service [Tomcat]
[2021-05-30T11:49:26.026Z] [org.apache.juli.logging.DirectJDKLog] [restartedMain] [173] [INFO ] Starting Servlet engine: [Apache Tomcat/9.0.45]
[2021-05-30T11:49:26.026Z] [org.apache.juli.logging.DirectJDKLog] [restartedMain] [173] [INFO ] Initializing Spring embedded WebApplicationContext
[2021-05-30T11:49:26.026Z] [org.springframework.boot.web.servlet.context.ServletWebServerApplicationContext] [restartedMain] [285] [INFO ] Root WebApplicationContext: initialization completed in 1497 ms
[2021-05-30T11:49:26.026Z] [com.zaxxer.hikari.HikariDataSource] [restartedMain] [110] [INFO ] HikariPool-2 - Starting...
[2021-05-30T11:49:26.026Z] [com.zaxxer.hikari.HikariDataSource] [restartedMain] [123] [INFO ] HikariPool-2 - Start completed.
[2021-05-30T11:49:26.026Z] [org.springframework.boot.autoconfigure.h2.H2ConsoleAutoConfiguration] [restartedMain] [73] [INFO ] H2 console available at '/h2-console'. Database available at 'jdbc:mysql://localhost:3306/java'
[2021-05-30T11:49:26.026Z] [org.hibernate.jpa.internal.util.LogHelper] [restartedMain] [31] [INFO ] HHH000204: Processing PersistenceUnitInfo [name: default]
[2021-05-30T11:49:26.026Z] [org.hibernate.dialect.Dialect] [restartedMain] [175] [INFO ] HHH000400: Using dialect: org.hibernate.dialect.MySQL5InnoDBDialect
[2021-05-30T11:49:27.027Z] [org.hibernate.engine.transaction.jta.platform.internal.JtaPlatformInitiator] [restartedMain] [52] [INFO ] HHH000490: Using JtaPlatform implementation: [org.hibernate.engine.transaction.jta.platform.internal.NoJtaPlatform]
[2021-05-30T11:49:27.027Z] [org.springframework.orm.jpa.AbstractEntityManagerFactoryBean] [restartedMain] [419] [INFO ] Initialized JPA EntityManagerFactory for persistence unit 'default'
[2021-05-30T11:49:27.027Z] [org.springframework.boot.devtools.autoconfigure.OptionalLiveReloadServer] [restartedMain] [58] [INFO ] LiveReload server is running on port 35729
[2021-05-30T11:49:27.027Z] [org.springframework.boot.autoconfigure.orm.jpa.JpaBaseConfiguration$JpaWebConfiguration] [restartedMain] [220] [WARN ] spring.jpa.open-in-view is enabled by default. Therefore, database queries may be performed during view rendering. Explicitly configure spring.jpa.open-in-view to disable this warning
[2021-05-30T11:49:27.027Z] [org.springframework.scheduling.concurrent.ExecutorConfigurationSupport] [restartedMain] [181] [INFO ] Initializing ExecutorService 'applicationTaskExecutor'
[2021-05-30T11:49:28.028Z] [org.springframework.boot.web.embedded.tomcat.TomcatWebServer] [restartedMain] [220] [INFO ] Tomcat started on port(s): 8081 (http) with context path ''
[2021-05-30T11:49:28.028Z] [org.springframework.boot.StartupInfoLogger] [restartedMain] [61] [INFO ] Started ProductsApplication in 3.205 seconds (JVM running for 364.253)
[2021-05-30T11:49:28.028Z] [org.springframework.boot.devtools.autoconfigure.ConditionEvaluationDeltaLoggingListener] [restartedMain] [63] [INFO ] Condition evaluation unchanged
[2021-05-30T11:51:10.010Z] [org.springframework.scheduling.concurrent.ExecutorConfigurationSupport] [Thread-8] [218] [INFO ] Shutting down ExecutorService 'applicationTaskExecutor'
[2021-05-30T11:51:10.010Z] [org.springframework.orm.jpa.AbstractEntityManagerFactoryBean] [Thread-8] [601] [INFO ] Closing JPA EntityManagerFactory for persistence unit 'default'
[2021-05-30T11:51:10.010Z] [com.zaxxer.hikari.HikariDataSource] [Thread-8] [350] [INFO ] HikariPool-2 - Shutdown initiated...
[2021-05-30T11:51:11.011Z] [com.zaxxer.hikari.HikariDataSource] [Thread-8] [352] [INFO ] HikariPool-2 - Shutdown completed.
[2021-05-30T11:51:11.011Z] [org.springframework.boot.StartupInfoLogger] [restartedMain] [55] [INFO ] Starting ProductsApplication on LAPTOP-HPIAQB17 with PID 26092 (C:\Users\shankar\Desktop\java\products\target\classes started by shankar in C:\Users\shankar\Desktop\java\products)
[2021-05-30T11:51:11.011Z] [org.springframework.boot.SpringApplication] [restartedMain] [648] [INFO ] No active profile set, falling back to default profiles: default
[2021-05-30T11:51:11.011Z] [org.springframework.data.repository.config.RepositoryConfigurationDelegate] [restartedMain] [127] [INFO ] Bootstrapping Spring Data JPA repositories in DEFAULT mode.
[2021-05-30T11:51:12.012Z] [org.springframework.data.repository.config.RepositoryConfigurationDelegate] [restartedMain] [187] [INFO ] Finished Spring Data repository scanning in 56ms. Found 1 JPA repository interfaces.
[2021-05-30T11:51:12.012Z] [org.springframework.boot.web.embedded.tomcat.TomcatWebServer] [restartedMain] [108] [INFO ] Tomcat initialized with port(s): 8081 (http)
[2021-05-30T11:51:12.012Z] [org.apache.juli.logging.DirectJDKLog] [restartedMain] [173] [INFO ] Starting service [Tomcat]
[2021-05-30T11:51:12.012Z] [org.apache.juli.logging.DirectJDKLog] [restartedMain] [173] [INFO ] Starting Servlet engine: [Apache Tomcat/9.0.45]
[2021-05-30T11:51:12.012Z] [org.apache.juli.logging.DirectJDKLog] [restartedMain] [173] [INFO ] Initializing Spring embedded WebApplicationContext
[2021-05-30T11:51:12.012Z] [org.springframework.boot.web.servlet.context.ServletWebServerApplicationContext] [restartedMain] [285] [INFO ] Root WebApplicationContext: initialization completed in 1254 ms
[2021-05-30T11:51:12.012Z] [com.zaxxer.hikari.HikariDataSource] [restartedMain] [110] [INFO ] HikariPool-3 - Starting...
[2021-05-30T11:51:12.012Z] [com.zaxxer.hikari.HikariDataSource] [restartedMain] [123] [INFO ] HikariPool-3 - Start completed.
[2021-05-30T11:51:12.012Z] [org.springframework.boot.autoconfigure.h2.H2ConsoleAutoConfiguration] [restartedMain] [73] [INFO ] H2 console available at '/h2-console'. Database available at 'jdbc:mysql://localhost:3306/java'
[2021-05-30T11:51:12.012Z] [org.hibernate.jpa.internal.util.LogHelper] [restartedMain] [31] [INFO ] HHH000204: Processing PersistenceUnitInfo [name: default]
[2021-05-30T11:51:12.012Z] [org.hibernate.dialect.Dialect] [restartedMain] [175] [INFO ] HHH000400: Using dialect: org.hibernate.dialect.MySQL5InnoDBDialect
[2021-05-30T11:51:12.012Z] [org.hibernate.engine.transaction.jta.platform.internal.JtaPlatformInitiator] [restartedMain] [52] [INFO ] HHH000490: Using JtaPlatform implementation: [org.hibernate.engine.transaction.jta.platform.internal.NoJtaPlatform]
[2021-05-30T11:51:12.012Z] [org.springframework.orm.jpa.AbstractEntityManagerFactoryBean] [restartedMain] [419] [INFO ] Initialized JPA EntityManagerFactory for persistence unit 'default'
[2021-05-30T11:51:12.012Z] [org.springframework.boot.devtools.autoconfigure.OptionalLiveReloadServer] [restartedMain] [58] [INFO ] LiveReload server is running on port 35729
[2021-05-30T11:51:13.013Z] [org.springframework.boot.autoconfigure.orm.jpa.JpaBaseConfiguration$JpaWebConfiguration] [restartedMain] [220] [WARN ] spring.jpa.open-in-view is enabled by default. Therefore, database queries may be performed during view rendering. Explicitly configure spring.jpa.open-in-view to disable this warning
[2021-05-30T11:51:13.013Z] [org.springframework.scheduling.concurrent.ExecutorConfigurationSupport] [restartedMain] [181] [INFO ] Initializing ExecutorService 'applicationTaskExecutor'
[2021-05-30T11:51:13.013Z] [org.springframework.boot.web.embedded.tomcat.TomcatWebServer] [restartedMain] [220] [INFO ] Tomcat started on port(s): 8081 (http) with context path ''
[2021-05-30T11:51:13.013Z] [org.springframework.boot.StartupInfoLogger] [restartedMain] [61] [INFO ] Started ProductsApplication in 2.58 seconds (JVM running for 469.887)
[2021-05-30T11:51:13.013Z] [org.springframework.boot.devtools.autoconfigure.ConditionEvaluationDeltaLoggingListener] [restartedMain] [63] [INFO ] Condition evaluation unchanged
[2021-05-30T11:51:17.017Z] [org.springframework.scheduling.concurrent.ExecutorConfigurationSupport] [Thread-13] [218] [INFO ] Shutting down ExecutorService 'applicationTaskExecutor'
[2021-05-30T11:51:17.017Z] [org.springframework.orm.jpa.AbstractEntityManagerFactoryBean] [Thread-13] [601] [INFO ] Closing JPA EntityManagerFactory for persistence unit 'default'
[2021-05-30T11:51:17.017Z] [com.zaxxer.hikari.HikariDataSource] [Thread-13] [350] [INFO ] HikariPool-3 - Shutdown initiated...
[2021-05-30T11:51:17.017Z] [com.zaxxer.hikari.HikariDataSource] [Thread-13] [352] [INFO ] HikariPool-3 - Shutdown completed.
[2021-05-30T11:51:18.018Z] [org.springframework.boot.StartupInfoLogger] [restartedMain] [55] [INFO ] Starting ProductsApplication on LAPTOP-HPIAQB17 with PID 26092 (C:\Users\shankar\Desktop\java\products\target\classes started by shankar in C:\Users\shankar\Desktop\java\products)
[2021-05-30T11:51:18.018Z] [org.springframework.boot.SpringApplication] [restartedMain] [648] [INFO ] No active profile set, falling back to default profiles: default
[2021-05-30T11:51:19.019Z] [org.springframework.data.repository.config.RepositoryConfigurationDelegate] [restartedMain] [127] [INFO ] Bootstrapping Spring Data JPA repositories in DEFAULT mode.
[2021-05-30T11:51:19.019Z] [org.springframework.data.repository.config.RepositoryConfigurationDelegate] [restartedMain] [187] [INFO ] Finished Spring Data repository scanning in 91ms. Found 1 JPA repository interfaces.
[2021-05-30T11:51:19.019Z] [org.springframework.boot.web.embedded.tomcat.TomcatWebServer] [restartedMain] [108] [INFO ] Tomcat initialized with port(s): 8081 (http)
[2021-05-30T11:51:19.019Z] [org.apache.juli.logging.DirectJDKLog] [restartedMain] [173] [INFO ] Starting service [Tomcat]
[2021-05-30T11:51:19.019Z] [org.apache.juli.logging.DirectJDKLog] [restartedMain] [173] [INFO ] Starting Servlet engine: [Apache Tomcat/9.0.45]
[2021-05-30T11:51:20.020Z] [org.apache.juli.logging.DirectJDKLog] [restartedMain] [173] [INFO ] Initializing Spring embedded WebApplicationContext
[2021-05-30T11:51:20.020Z] [org.springframework.boot.web.servlet.context.ServletWebServerApplicationContext] [restartedMain] [285] [INFO ] Root WebApplicationContext: initialization completed in 1918 ms
[2021-05-30T11:51:20.020Z] [com.zaxxer.hikari.HikariDataSource] [restartedMain] [110] [INFO ] HikariPool-4 - Starting...
[2021-05-30T11:51:20.020Z] [com.zaxxer.hikari.HikariDataSource] [restartedMain] [123] [INFO ] HikariPool-4 - Start completed.
[2021-05-30T11:51:20.020Z] [org.springframework.boot.autoconfigure.h2.H2ConsoleAutoConfiguration] [restartedMain] [73] [INFO ] H2 console available at '/h2-console'. Database available at 'jdbc:mysql://localhost:3306/java'
[2021-05-30T11:51:20.020Z] [org.hibernate.jpa.internal.util.LogHelper] [restartedMain] [31] [INFO ] HHH000204: Processing PersistenceUnitInfo [name: default]
[2021-05-30T11:51:20.020Z] [org.hibernate.dialect.Dialect] [restartedMain] [175] [INFO ] HHH000400: Using dialect: org.hibernate.dialect.MySQL5InnoDBDialect
[2021-05-30T11:51:20.020Z] [org.hibernate.engine.transaction.jta.platform.internal.JtaPlatformInitiator] [restartedMain] [52] [INFO ] HHH000490: Using JtaPlatform implementation: [org.hibernate.engine.transaction.jta.platform.internal.NoJtaPlatform]
[2021-05-30T11:51:20.020Z] [org.springframework.orm.jpa.AbstractEntityManagerFactoryBean] [restartedMain] [419] [INFO ] Initialized JPA EntityManagerFactory for persistence unit 'default'
[2021-05-30T11:51:20.020Z] [org.springframework.boot.devtools.autoconfigure.OptionalLiveReloadServer] [restartedMain] [58] [INFO ] LiveReload server is running on port 35729
[2021-05-30T11:51:20.020Z] [org.springframework.boot.autoconfigure.orm.jpa.JpaBaseConfiguration$JpaWebConfiguration] [restartedMain] [220] [WARN ] spring.jpa.open-in-view is enabled by default. Therefore, database queries may be performed during view rendering. Explicitly configure spring.jpa.open-in-view to disable this warning
[2021-05-30T11:51:20.020Z] [org.springframework.scheduling.concurrent.ExecutorConfigurationSupport] [restartedMain] [181] [INFO ] Initializing ExecutorService 'applicationTaskExecutor'
[2021-05-30T11:51:21.021Z] [org.springframework.boot.web.embedded.tomcat.TomcatWebServer] [restartedMain] [220] [INFO ] Tomcat started on port(s): 8081 (http) with context path ''
[2021-05-30T11:51:21.021Z] [org.springframework.boot.StartupInfoLogger] [restartedMain] [61] [INFO ] Started ProductsApplication in 3.341 seconds (JVM running for 477.411)
[2021-05-30T11:51:21.021Z] [org.springframework.boot.devtools.autoconfigure.ConditionEvaluationDeltaLoggingListener] [restartedMain] [63] [INFO ] Condition evaluation unchanged
[2021-05-30T11:51:24.024Z] [org.apache.juli.logging.DirectJDKLog] [http-nio-8081-exec-2] [173] [INFO ] Initializing Spring DispatcherServlet 'dispatcherServlet'
[2021-05-30T11:51:24.024Z] [org.springframework.web.servlet.FrameworkServlet] [http-nio-8081-exec-2] [525] [INFO ] Initializing Servlet 'dispatcherServlet'
[2021-05-30T11:51:24.024Z] [org.springframework.web.servlet.FrameworkServlet] [http-nio-8081-exec-2] [547] [INFO ] Completed initialization in 3 ms
[2021-05-30T11:51:24.024Z] [com.edusol.products.service.ProductsService] [http-nio-8081-exec-2] [81] [ERROR] Unable to find com.edusol.products.model.Products with id 6
[2021-05-30T11:54:06.006Z] [org.springframework.scheduling.concurrent.ExecutorConfigurationSupport] [Thread-18] [218] [INFO ] Shutting down ExecutorService 'applicationTaskExecutor'
[2021-05-30T11:54:06.006Z] [org.springframework.orm.jpa.AbstractEntityManagerFactoryBean] [Thread-18] [601] [INFO ] Closing JPA EntityManagerFactory for persistence unit 'default'
[2021-05-30T11:54:06.006Z] [com.zaxxer.hikari.HikariDataSource] [Thread-18] [350] [INFO ] HikariPool-4 - Shutdown initiated...
[2021-05-30T11:54:06.006Z] [com.zaxxer.hikari.HikariDataSource] [Thread-18] [352] [INFO ] HikariPool-4 - Shutdown completed.
[2021-05-30T11:54:06.006Z] [org.springframework.boot.StartupInfoLogger] [restartedMain] [55] [INFO ] Starting ProductsApplication on LAPTOP-HPIAQB17 with PID 26092 (C:\Users\shankar\Desktop\java\products\target\classes started by shankar in C:\Users\shankar\Desktop\java\products)
[2021-05-30T11:54:06.006Z] [org.springframework.boot.SpringApplication] [restartedMain] [648] [INFO ] No active profile set, falling back to default profiles: default
[2021-05-30T11:54:07.007Z] [org.springframework.data.repository.config.RepositoryConfigurationDelegate] [restartedMain] [127] [INFO ] Bootstrapping Spring Data JPA repositories in DEFAULT mode.
[2021-05-30T11:54:07.007Z] [org.springframework.data.repository.config.RepositoryConfigurationDelegate] [restartedMain] [187] [INFO ] Finished Spring Data repository scanning in 49ms. Found 1 JPA repository interfaces.
[2021-05-30T11:54:07.007Z] [org.springframework.boot.web.embedded.tomcat.TomcatWebServer] [restartedMain] [108] [INFO ] Tomcat initialized with port(s): 8081 (http)
[2021-05-30T11:54:07.007Z] [org.apache.juli.logging.DirectJDKLog] [restartedMain] [173] [INFO ] Starting service [Tomcat]
[2021-05-30T11:54:07.007Z] [org.apache.juli.logging.DirectJDKLog] [restartedMain] [173] [INFO ] Starting Servlet engine: [Apache Tomcat/9.0.45]
[2021-05-30T11:54:07.007Z] [org.apache.juli.logging.DirectJDKLog] [restartedMain] [173] [INFO ] Initializing Spring embedded WebApplicationContext
[2021-05-30T11:54:07.007Z] [org.springframework.boot.web.servlet.context.ServletWebServerApplicationContext] [restartedMain] [285] [INFO ] Root WebApplicationContext: initialization completed in 1239 ms
[2021-05-30T11:54:07.007Z] [com.zaxxer.hikari.HikariDataSource] [restartedMain] [110] [INFO ] HikariPool-5 - Starting...
[2021-05-30T11:54:07.007Z] [com.zaxxer.hikari.HikariDataSource] [restartedMain] [123] [INFO ] HikariPool-5 - Start completed.
[2021-05-30T11:54:07.007Z] [org.springframework.boot.autoconfigure.h2.H2ConsoleAutoConfiguration] [restartedMain] [73] [INFO ] H2 console available at '/h2-console'. Database available at 'jdbc:mysql://localhost:3306/java'
[2021-05-30T11:54:08.008Z] [org.hibernate.jpa.internal.util.LogHelper] [restartedMain] [31] [INFO ] HHH000204: Processing PersistenceUnitInfo [name: default]
[2021-05-30T11:54:08.008Z] [org.hibernate.dialect.Dialect] [restartedMain] [175] [INFO ] HHH000400: Using dialect: org.hibernate.dialect.MySQL5InnoDBDialect
[2021-05-30T11:54:08.008Z] [org.hibernate.engine.transaction.jta.platform.internal.JtaPlatformInitiator] [restartedMain] [52] [INFO ] HHH000490: Using JtaPlatform implementation: [org.hibernate.engine.transaction.jta.platform.internal.NoJtaPlatform]
[2021-05-30T11:54:08.008Z] [org.springframework.orm.jpa.AbstractEntityManagerFactoryBean] [restartedMain] [419] [INFO ] Initialized JPA EntityManagerFactory for persistence unit 'default'
[2021-05-30T11:54:08.008Z] [org.springframework.boot.devtools.autoconfigure.OptionalLiveReloadServer] [restartedMain] [58] [INFO ] LiveReload server is running on port 35729
[2021-05-30T11:54:08.008Z] [org.springframework.boot.autoconfigure.orm.jpa.JpaBaseConfiguration$JpaWebConfiguration] [restartedMain] [220] [WARN ] spring.jpa.open-in-view is enabled by default. Therefore, database queries may be performed during view rendering. Explicitly configure spring.jpa.open-in-view to disable this warning
[2021-05-30T11:54:08.008Z] [org.springframework.scheduling.concurrent.ExecutorConfigurationSupport] [restartedMain] [181] [INFO ] Initializing ExecutorService 'applicationTaskExecutor'
[2021-05-30T11:54:09.009Z] [org.springframework.boot.web.embedded.tomcat.TomcatWebServer] [restartedMain] [220] [INFO ] Tomcat started on port(s): 8081 (http) with context path ''
[2021-05-30T11:54:09.009Z] [org.springframework.boot.StartupInfoLogger] [restartedMain] [61] [INFO ] Started ProductsApplication in 2.667 seconds (JVM running for 645.273)
[2021-05-30T11:54:09.009Z] [org.springframework.boot.devtools.autoconfigure.ConditionEvaluationDeltaLoggingListener] [restartedMain] [63] [INFO ] Condition evaluation unchanged
[2021-05-30T11:58:09.009Z] [org.apache.juli.logging.DirectJDKLog] [http-nio-8081-exec-1] [173] [INFO ] Initializing Spring DispatcherServlet 'dispatcherServlet'
[2021-05-30T11:58:09.009Z] [org.springframework.web.servlet.FrameworkServlet] [http-nio-8081-exec-1] [525] [INFO ] Initializing Servlet 'dispatcherServlet'
[2021-05-30T11:58:09.009Z] [org.springframework.web.servlet.FrameworkServlet] [http-nio-8081-exec-1] [547] [INFO ] Completed initialization in 5 ms
[2021-05-30T11:58:10.010Z] [com.edusol.products.service.ProductsService] [http-nio-8081-exec-1] [53] [ERROR] No class com.edusol.products.model.Products entity with id 6 exists!
[2021-05-30T11:59:28.028Z] [com.edusol.products.ProductsController] [http-nio-8081-exec-4] [34] [INFO ] [Products [id=1, name=xyc, price=120.0, category=electronic], Products [id=2, name=xvc, price=200.0, category=electronic], Products [id=3, name=ball, price=100.0, category=toy], Products [id=4, name=jeans, price=1000.0, category=cloth], Products [id=5, name=SHIRT, price=1200.0, category=cloth]]
[2021-05-30T12:00:43.043Z] [org.springframework.web.servlet.handler.AbstractHandlerExceptionResolver] [http-nio-8081-exec-7] [199] [WARN ] Resolved [org.springframework.web.bind.MissingServletRequestParameterException: Required int parameter 'id' is not present]
